04/10/2021 03:29:19 PM Starting new HTTP connection (1): books.toscrape.com:80
04/10/2021 03:29:19 PM http://books.toscrape.com:80 "GET / HTTP/1.1" 200 None
04/10/2021 03:29:30 PM Starting new HTTP connection (1): books.toscrap.com:80
04/10/2021 03:29:32 PM http://books.toscrap.com:80 "GET / HTTP/1.1" 200 None
04/10/2021 03:30:27 PM Starting new HTTP connection (1): books.toscra.com:80
04/10/2021 03:30:27 PM HTTPConnectionPool(host='books.toscra.com', port=80): Max retries exceeded with url: / (Caused by NewConnectionError('<urllib3.connection.HTTPConnection object at 0x0000022DBE517C10>: Failed to establish a new connection: [Errno 11001] getaddrinfo failed'))
04/10/2021 03:30:50 PM Starting new HTTP connection (1): books.toscrape.com:80
04/10/2021 03:30:51 PM http://books.toscrape.com:80 "GET / HTTP/1.1" 200 None
04/10/2021 03:57:39 PM Starting new HTTP connection (1): books.toscrape.com:80
04/10/2021 03:57:41 PM http://books.toscrape.com:80 "GET / HTTP/1.1" 200 None
04/10/2021 04:01:36 PM Starting new HTTP connection (1): books.toscrape.com:80
04/10/2021 04:01:36 PM http://books.toscrape.com:80 "GET / HTTP/1.1" 200 None
04/10/2021 04:01:53 PM Starting new HTTP connection (1): books.toscrape.com:80
04/10/2021 04:01:53 PM http://books.toscrape.com:80 "GET / HTTP/1.1" 200 None
04/10/2021 04:02:33 PM Starting new HTTP connection (1): books.toscrape.com:80
04/10/2021 04:02:34 PM http://books.toscrape.com:80 "GET / HTTP/1.1" 200 None
04/10/2021 04:02:41 PM Starting new HTTP connection (1): books.toscrape.com:80
04/10/2021 04:02:42 PM http://books.toscrape.com:80 "GET / HTTP/1.1" 200 None
04/10/2021 04:02:49 PM Starting new HTTP connection (1): books.toscrape.com:80
04/10/2021 04:02:49 PM http://books.toscrape.com:80 "GET / HTTP/1.1" 200 None
